2015-01-01 19:59:41 [192.168.1.11][-][-][warning][yii\debug\Module::checkAccess] Access to debugger is denied due to IP address restriction. The requesting IP address is 192.168.1.11
    in /var/www/html/yii/views/layouts/main.php:66
    in /var/www/html/yii/controllers/SiteController.php:52
2015-01-01 19:59:41 [192.168.1.11][-][-][info][application] $_SERVER = [
    'HTTP_HOST' => '192.168.1.13'
    'HTTP_CONNECTION' => 'keep-alive'
    'HTTP_ACCEPT' => 'text/html,application/xhtml+xml,application/xml;q=0.9,image/webp,*/*;q=0.8'
    'HTTP_USER_AGENT' => 'Mozilla/5.0 (Windows NT 6.1; WOW64) AppleWebKit/537.36 (KHTML, like Gecko) Chrome/39.0.2171.95 Safari/537.36'
    'HTTP_ACCEPT_ENCODING' => 'gzip, deflate, sdch'
    'HTTP_ACCEPT_LANGUAGE' => 'es-ES,es;q=0.8'
    'PATH' => '/usr/local/sbin:/usr/local/bin:/usr/sbin:/usr/bin:/sbin:/bin'
    'SERVER_SIGNATURE' => '<address>Apache/2.4.7 (Ubuntu) Server at 192.168.1.13 Port 80</address>
'
    'SERVER_SOFTWARE' => 'Apache/2.4.7 (Ubuntu)'
    'SERVER_NAME' => '192.168.1.13'
    'SERVER_ADDR' => '192.168.1.13'
    'SERVER_PORT' => '80'
    'REMOTE_ADDR' => '192.168.1.11'
    'DOCUMENT_ROOT' => '/var/www'
    'REQUEST_SCHEME' => 'http'
    'CONTEXT_PREFIX' => ''
    'CONTEXT_DOCUMENT_ROOT' => '/var/www'
    'SERVER_ADMIN' => 'webmaster@localhost'
    'SCRIPT_FILENAME' => '/var/www/html/yii/web/index.php'
    'REMOTE_PORT' => '50157'
    'GATEWAY_INTERFACE' => 'CGI/1.1'
    'SERVER_PROTOCOL' => 'HTTP/1.1'
    'REQUEST_METHOD' => 'GET'
    'QUERY_STRING' => ''
    'REQUEST_URI' => '/html/yii/web/index.php'
    'SCRIPT_NAME' => '/html/yii/web/index.php'
    'PHP_SELF' => '/html/yii/web/index.php'
    'REQUEST_TIME_FLOAT' => 1420142381.013
    'REQUEST_TIME' => 1420142381
]
2015-01-02 22:10:35 [192.168.1.11][-][-][warning][yii\debug\Module::checkAccess] Access to debugger is denied due to IP address restriction. The requesting IP address is 192.168.1.11
    in /var/www/html/yii/views/layouts/main.php:66
    in /var/www/html/yii/controllers/SiteController.php:52
2015-01-02 22:10:35 [192.168.1.11][-][-][info][application] $_SERVER = [
    'HTTP_HOST' => '192.168.1.13'
    'HTTP_CONNECTION' => 'keep-alive'
    'HTTP_ACCEPT' => 'text/html,application/xhtml+xml,application/xml;q=0.9,image/webp,*/*;q=0.8'
    'HTTP_USER_AGENT' => 'Mozilla/5.0 (Windows NT 6.1; WOW64) AppleWebKit/537.36 (KHTML, like Gecko) Chrome/39.0.2171.95 Safari/537.36'
    'HTTP_ACCEPT_ENCODING' => 'gzip, deflate, sdch'
    'HTTP_ACCEPT_LANGUAGE' => 'es-ES,es;q=0.8'
    'PATH' => '/usr/local/sbin:/usr/local/bin:/usr/sbin:/usr/bin:/sbin:/bin'
    'SERVER_SIGNATURE' => '<address>Apache/2.4.7 (Ubuntu) Server at 192.168.1.13 Port 80</address>
'
    'SERVER_SOFTWARE' => 'Apache/2.4.7 (Ubuntu)'
    'SERVER_NAME' => '192.168.1.13'
    'SERVER_ADDR' => '192.168.1.13'
    'SERVER_PORT' => '80'
    'REMOTE_ADDR' => '192.168.1.11'
    'DOCUMENT_ROOT' => '/var/www'
    'REQUEST_SCHEME' => 'http'
    'CONTEXT_PREFIX' => ''
    'CONTEXT_DOCUMENT_ROOT' => '/var/www'
    'SERVER_ADMIN' => 'webmaster@localhost'
    'SCRIPT_FILENAME' => '/var/www/html/yii/web/index.php'
    'REMOTE_PORT' => '49241'
    'GATEWAY_INTERFACE' => 'CGI/1.1'
    'SERVER_PROTOCOL' => 'HTTP/1.1'
    'REQUEST_METHOD' => 'GET'
    'QUERY_STRING' => ''
    'REQUEST_URI' => '/html/yii/web/index.php'
    'SCRIPT_NAME' => '/html/yii/web/index.php'
    'PHP_SELF' => '/html/yii/web/index.php'
    'REQUEST_TIME_FLOAT' => 1420236635.104
    'REQUEST_TIME' => 1420236635
]
2015-02-03 23:46:43 [192.168.1.11][-][-][warning][yii\debug\Module::checkAccess] Access to debugger is denied due to IP address restriction. The requesting IP address is 192.168.1.11
    in /var/www/html/yii/views/layouts/main.php:66
    in /var/www/html/yii/controllers/SiteController.php:52
2015-02-03 23:46:42 [192.168.1.11][-][-][info][application] $_SERVER = [
    'HTTP_HOST' => '192.168.1.13'
    'HTTP_CONNECTION' => 'keep-alive'
    'HTTP_ACCEPT' => 'text/html,application/xhtml+xml,application/xml;q=0.9,image/webp,*/*;q=0.8'
    'HTTP_USER_AGENT' => 'Mozilla/5.0 (Windows NT 6.1; WOW64) AppleWebKit/537.36 (KHTML, like Gecko) Chrome/39.0.2171.95 Safari/537.36'
    'HTTP_ACCEPT_ENCODING' => 'gzip, deflate, sdch'
    'HTTP_ACCEPT_LANGUAGE' => 'es-ES,es;q=0.8'
    'PATH' => '/usr/local/sbin:/usr/local/bin:/usr/sbin:/usr/bin:/sbin:/bin'
    'SERVER_SIGNATURE' => '<address>Apache/2.4.7 (Ubuntu) Server at 192.168.1.13 Port 80</address>
'
    'SERVER_SOFTWARE' => 'Apache/2.4.7 (Ubuntu)'
    'SERVER_NAME' => '192.168.1.13'
    'SERVER_ADDR' => '192.168.1.13'
    'SERVER_PORT' => '80'
    'REMOTE_ADDR' => '192.168.1.11'
    'DOCUMENT_ROOT' => '/var/www/html/yii/web'
    'REQUEST_SCHEME' => 'http'
    'CONTEXT_PREFIX' => ''
    'CONTEXT_DOCUMENT_ROOT' => '/var/www/html/yii/web'
    'SERVER_ADMIN' => 'webmaster@localhost'
    'SCRIPT_FILENAME' => '/var/www/html/yii/web/index.php'
    'REMOTE_PORT' => '49456'
    'GATEWAY_INTERFACE' => 'CGI/1.1'
    'SERVER_PROTOCOL' => 'HTTP/1.1'
    'REQUEST_METHOD' => 'GET'
    'QUERY_STRING' => ''
    'REQUEST_URI' => '/'
    'SCRIPT_NAME' => '/index.php'
    'PHP_SELF' => '/index.php'
    'REQUEST_TIME_FLOAT' => 1423007202.588
    'REQUEST_TIME' => 1423007202
]
2015-02-04 00:44:39 [192.168.1.11][-][-][warning][yii\debug\Module::checkAccess] Access to debugger is denied due to IP address restriction. The requesting IP address is 192.168.1.11
    in /var/www/html/yii/views/layouts/main.php:66
    in /var/www/html/yii/controllers/SiteController.php:52
2015-02-04 00:44:39 [192.168.1.11][-][-][info][application] $_SERVER = [
    'HTTP_ACCEPT' => 'image/jpeg, image/gif, image/pjpeg, application/x-ms-application, application/xaml+xml, application/x-ms-xbap, */*'
    'HTTP_ACCEPT_LANGUAGE' => 'es-ES'
    'HTTP_CACHE_CONTROL' => 'no-cache'
    'HTTP_USER_AGENT' => 'Mozilla/5.0 (Windows NT 6.1; Win64; x64; Trident/7.0; rv:11.0) like Gecko'
    'HTTP_UA_CPU' => 'AMD64'
    'HTTP_ACCEPT_ENCODING' => 'gzip, deflate'
    'HTTP_HOST' => '192.168.1.13'
    'HTTP_CONNECTION' => 'Keep-Alive'
    'PATH' => '/usr/local/sbin:/usr/local/bin:/usr/sbin:/usr/bin:/sbin:/bin'
    'SERVER_SIGNATURE' => '<address>Apache/2.4.7 (Ubuntu) Server at 192.168.1.13 Port 80</address>
'
    'SERVER_SOFTWARE' => 'Apache/2.4.7 (Ubuntu)'
    'SERVER_NAME' => '192.168.1.13'
    'SERVER_ADDR' => '192.168.1.13'
    'SERVER_PORT' => '80'
    'REMOTE_ADDR' => '192.168.1.11'
    'DOCUMENT_ROOT' => '/var/www/html/yii/web'
    'REQUEST_SCHEME' => 'http'
    'CONTEXT_PREFIX' => ''
    'CONTEXT_DOCUMENT_ROOT' => '/var/www/html/yii/web'
    'SERVER_ADMIN' => 'webmaster@localhost'
    'SCRIPT_FILENAME' => '/var/www/html/yii/web/index.php'
    'REMOTE_PORT' => '49706'
    'GATEWAY_INTERFACE' => 'CGI/1.1'
    'SERVER_PROTOCOL' => 'HTTP/1.1'
    'REQUEST_METHOD' => 'GET'
    'QUERY_STRING' => ''
    'REQUEST_URI' => '/index.php'
    'SCRIPT_NAME' => '/index.php'
    'PHP_SELF' => '/index.php'
    'REQUEST_TIME_FLOAT' => 1423010679.051
    'REQUEST_TIME' => 1423010679
]
2015-02-04 00:44:41 [192.168.1.11][-][-][warning][yii\debug\Module::checkAccess] Access to debugger is denied due to IP address restriction. The requesting IP address is 192.168.1.11
    in /var/www/html/yii/views/layouts/main.php:66
    in /var/www/html/yii/controllers/SiteController.php:94
2015-02-04 00:44:41 [192.168.1.11][-][-][info][application] $_GET = [
    'r' => 'site/about'
]

$_COOKIE = [
    '_csrf' => '69924c24e9cd46d478be9e27046764699c3c8c9b13e9d5364d7aed68d5ae7e03s:32:\"p8atkiRgE8xFDKob8DBExE-32tt8BDGY\";'
    'PHPSESSID' => 'psbuf0qu4ipldp7edb4v5t7j64'
]

$_SESSION = [
    '__flash' => []
]

$_SERVER = [
    'HTTP_ACCEPT' => 'image/jpeg, image/gif, image/pjpeg, application/x-ms-application, application/xaml+xml, application/x-ms-xbap, */*'
    'HTTP_REFERER' => 'http://192.168.1.13/index.php'
    'HTTP_ACCEPT_LANGUAGE' => 'es-ES'
    'HTTP_USER_AGENT' => 'Mozilla/5.0 (Windows NT 6.1; Win64; x64; Trident/7.0; rv:11.0) like Gecko'
    'HTTP_UA_CPU' => 'AMD64'
    'HTTP_ACCEPT_ENCODING' => 'gzip, deflate'
    'HTTP_HOST' => '192.168.1.13'
    'HTTP_CONNECTION' => 'Keep-Alive'
    'HTTP_COOKIE' => '_csrf=69924c24e9cd46d478be9e27046764699c3c8c9b13e9d5364d7aed68d5ae7e03s%3A32%3A%22p8atkiRgE8xFDKob8DBExE-32tt8BDGY%22%3B; PHPSESSID=psbuf0qu4ipldp7edb4v5t7j64'
    'PATH' => '/usr/local/sbin:/usr/local/bin:/usr/sbin:/usr/bin:/sbin:/bin'
    'SERVER_SIGNATURE' => '<address>Apache/2.4.7 (Ubuntu) Server at 192.168.1.13 Port 80</address>
'
    'SERVER_SOFTWARE' => 'Apache/2.4.7 (Ubuntu)'
    'SERVER_NAME' => '192.168.1.13'
    'SERVER_ADDR' => '192.168.1.13'
    'SERVER_PORT' => '80'
    'REMOTE_ADDR' => '192.168.1.11'
    'DOCUMENT_ROOT' => '/var/www/html/yii/web'
    'REQUEST_SCHEME' => 'http'
    'CONTEXT_PREFIX' => ''
    'CONTEXT_DOCUMENT_ROOT' => '/var/www/html/yii/web'
    'SERVER_ADMIN' => 'webmaster@localhost'
    'SCRIPT_FILENAME' => '/var/www/html/yii/web/index.php'
    'REMOTE_PORT' => '49707'
    'GATEWAY_INTERFACE' => 'CGI/1.1'
    'SERVER_PROTOCOL' => 'HTTP/1.1'
    'REQUEST_METHOD' => 'GET'
    'QUERY_STRING' => 'r=site%2Fabout'
    'REQUEST_URI' => '/index.php?r=site%2Fabout'
    'SCRIPT_NAME' => '/index.php'
    'PHP_SELF' => '/index.php'
    'REQUEST_TIME_FLOAT' => 1423010681.248
    'REQUEST_TIME' => 1423010681
]
2015-02-04 00:44:43 [192.168.1.11][-][-][warning][yii\debug\Module::checkAccess] Access to debugger is denied due to IP address restriction. The requesting IP address is 192.168.1.11
    in /var/www/html/yii/views/layouts/main.php:66
    in /var/www/html/yii/controllers/SiteController.php:88
2015-02-04 00:44:43 [192.168.1.11][-][-][info][application] $_GET = [
    'r' => 'site/contact'
]

$_COOKIE = [
    '_csrf' => '69924c24e9cd46d478be9e27046764699c3c8c9b13e9d5364d7aed68d5ae7e03s:32:\"p8atkiRgE8xFDKob8DBExE-32tt8BDGY\";'
    'PHPSESSID' => 'psbuf0qu4ipldp7edb4v5t7j64'
]

$_SESSION = [
    '__flash' => []
    '__captcha/site/captcha' => 'djhiwa'
    '__captcha/site/captchacount' => 1
]

$_SERVER = [
    'HTTP_ACCEPT' => 'image/jpeg, image/gif, image/pjpeg, application/x-ms-application, application/xaml+xml, application/x-ms-xbap, */*'
    'HTTP_REFERER' => 'http://192.168.1.13/index.php?r=site%2Fabout'
    'HTTP_ACCEPT_LANGUAGE' => 'es-ES'
    'HTTP_USER_AGENT' => 'Mozilla/5.0 (Windows NT 6.1; Win64; x64; Trident/7.0; rv:11.0) like Gecko'
    'HTTP_UA_CPU' => 'AMD64'
    'HTTP_ACCEPT_ENCODING' => 'gzip, deflate'
    'HTTP_HOST' => '192.168.1.13'
    'HTTP_CONNECTION' => 'Keep-Alive'
    'HTTP_COOKIE' => '_csrf=69924c24e9cd46d478be9e27046764699c3c8c9b13e9d5364d7aed68d5ae7e03s%3A32%3A%22p8atkiRgE8xFDKob8DBExE-32tt8BDGY%22%3B; PHPSESSID=psbuf0qu4ipldp7edb4v5t7j64'
    'PATH' => '/usr/local/sbin:/usr/local/bin:/usr/sbin:/usr/bin:/sbin:/bin'
    'SERVER_SIGNATURE' => '<address>Apache/2.4.7 (Ubuntu) Server at 192.168.1.13 Port 80</address>
'
    'SERVER_SOFTWARE' => 'Apache/2.4.7 (Ubuntu)'
    'SERVER_NAME' => '192.168.1.13'
    'SERVER_ADDR' => '192.168.1.13'
    'SERVER_PORT' => '80'
    'REMOTE_ADDR' => '192.168.1.11'
    'DOCUMENT_ROOT' => '/var/www/html/yii/web'
    'REQUEST_SCHEME' => 'http'
    'CONTEXT_PREFIX' => ''
    'CONTEXT_DOCUMENT_ROOT' => '/var/www/html/yii/web'
    'SERVER_ADMIN' => 'webmaster@localhost'
    'SCRIPT_FILENAME' => '/var/www/html/yii/web/index.php'
    'REMOTE_PORT' => '49707'
    'GATEWAY_INTERFACE' => 'CGI/1.1'
    'SERVER_PROTOCOL' => 'HTTP/1.1'
    'REQUEST_METHOD' => 'GET'
    'QUERY_STRING' => 'r=site%2Fcontact'
    'REQUEST_URI' => '/index.php?r=site%2Fcontact'
    'SCRIPT_NAME' => '/index.php'
    'PHP_SELF' => '/index.php'
    'REQUEST_TIME_FLOAT' => 1423010683.16
    'REQUEST_TIME' => 1423010683
]
2015-02-04 00:44:45 [192.168.1.11][-][-][warning][yii\debug\Module::checkAccess] Access to debugger is denied due to IP address restriction. The requesting IP address is 192.168.1.11
    in /var/www/html/yii/views/layouts/main.php:66
    in /var/www/html/yii/controllers/SiteController.php:67
2015-02-04 00:44:45 [192.168.1.11][-][-][info][application] $_GET = [
    'r' => 'site/login'
]

$_COOKIE = [
    '_csrf' => '69924c24e9cd46d478be9e27046764699c3c8c9b13e9d5364d7aed68d5ae7e03s:32:\"p8atkiRgE8xFDKob8DBExE-32tt8BDGY\";'
    'PHPSESSID' => 'psbuf0qu4ipldp7edb4v5t7j64'
]

$_SESSION = [
    '__flash' => []
    '__captcha/site/captcha' => 'djhiwa'
    '__captcha/site/captchacount' => 1
]

$_SERVER = [
    'HTTP_ACCEPT' => 'image/jpeg, image/gif, image/pjpeg, application/x-ms-application, application/xaml+xml, application/x-ms-xbap, */*'
    'HTTP_REFERER' => 'http://192.168.1.13/index.php?r=site%2Fcontact'
    'HTTP_ACCEPT_LANGUAGE' => 'es-ES'
    'HTTP_USER_AGENT' => 'Mozilla/5.0 (Windows NT 6.1; Win64; x64; Trident/7.0; rv:11.0) like Gecko'
    'HTTP_UA_CPU' => 'AMD64'
    'HTTP_ACCEPT_ENCODING' => 'gzip, deflate'
    'HTTP_HOST' => '192.168.1.13'
    'HTTP_CONNECTION' => 'Keep-Alive'
    'HTTP_COOKIE' => '_csrf=69924c24e9cd46d478be9e27046764699c3c8c9b13e9d5364d7aed68d5ae7e03s%3A32%3A%22p8atkiRgE8xFDKob8DBExE-32tt8BDGY%22%3B; PHPSESSID=psbuf0qu4ipldp7edb4v5t7j64'
    'PATH' => '/usr/local/sbin:/usr/local/bin:/usr/sbin:/usr/bin:/sbin:/bin'
    'SERVER_SIGNATURE' => '<address>Apache/2.4.7 (Ubuntu) Server at 192.168.1.13 Port 80</address>
'
    'SERVER_SOFTWARE' => 'Apache/2.4.7 (Ubuntu)'
    'SERVER_NAME' => '192.168.1.13'
    'SERVER_ADDR' => '192.168.1.13'
    'SERVER_PORT' => '80'
    'REMOTE_ADDR' => '192.168.1.11'
    'DOCUMENT_ROOT' => '/var/www/html/yii/web'
    'REQUEST_SCHEME' => 'http'
    'CONTEXT_PREFIX' => ''
    'CONTEXT_DOCUMENT_ROOT' => '/var/www/html/yii/web'
    'SERVER_ADMIN' => 'webmaster@localhost'
    'SCRIPT_FILENAME' => '/var/www/html/yii/web/index.php'
    'REMOTE_PORT' => '49707'
    'GATEWAY_INTERFACE' => 'CGI/1.1'
    'SERVER_PROTOCOL' => 'HTTP/1.1'
    'REQUEST_METHOD' => 'GET'
    'QUERY_STRING' => 'r=site%2Flogin'
    'REQUEST_URI' => '/index.php?r=site%2Flogin'
    'SCRIPT_NAME' => '/index.php'
    'PHP_SELF' => '/index.php'
    'REQUEST_TIME_FLOAT' => 1423010685.742
    'REQUEST_TIME' => 1423010685
]
2015-02-04 00:44:47 [192.168.1.11][-][-][warning][yii\debug\Module::checkAccess] Access to debugger is denied due to IP address restriction. The requesting IP address is 192.168.1.11
    in /var/www/html/yii/views/layouts/main.php:66
    in /var/www/html/yii/controllers/SiteController.php:88
2015-02-04 00:44:47 [192.168.1.11][-][-][info][application] $_GET = [
    'r' => 'site/contact'
]

$_COOKIE = [
    '_csrf' => '69924c24e9cd46d478be9e27046764699c3c8c9b13e9d5364d7aed68d5ae7e03s:32:\"p8atkiRgE8xFDKob8DBExE-32tt8BDGY\";'
    'PHPSESSID' => 'psbuf0qu4ipldp7edb4v5t7j64'
]

$_SESSION = [
    '__flash' => []
    '__captcha/site/captcha' => 'djhiwa'
    '__captcha/site/captchacount' => 1
]

$_SERVER = [
    'HTTP_ACCEPT' => 'image/jpeg, image/gif, image/pjpeg, application/x-ms-application, application/xaml+xml, application/x-ms-xbap, */*'
    'HTTP_REFERER' => 'http://192.168.1.13/index.php?r=site%2Flogin'
    'HTTP_ACCEPT_LANGUAGE' => 'es-ES'
    'HTTP_USER_AGENT' => 'Mozilla/5.0 (Windows NT 6.1; Win64; x64; Trident/7.0; rv:11.0) like Gecko'
    'HTTP_UA_CPU' => 'AMD64'
    'HTTP_ACCEPT_ENCODING' => 'gzip, deflate'
    'HTTP_HOST' => '192.168.1.13'
    'HTTP_CONNECTION' => 'Keep-Alive'
    'HTTP_COOKIE' => '_csrf=69924c24e9cd46d478be9e27046764699c3c8c9b13e9d5364d7aed68d5ae7e03s%3A32%3A%22p8atkiRgE8xFDKob8DBExE-32tt8BDGY%22%3B; PHPSESSID=psbuf0qu4ipldp7edb4v5t7j64'
    'PATH' => '/usr/local/sbin:/usr/local/bin:/usr/sbin:/usr/bin:/sbin:/bin'
    'SERVER_SIGNATURE' => '<address>Apache/2.4.7 (Ubuntu) Server at 192.168.1.13 Port 80</address>
'
    'SERVER_SOFTWARE' => 'Apache/2.4.7 (Ubuntu)'
    'SERVER_NAME' => '192.168.1.13'
    'SERVER_ADDR' => '192.168.1.13'
    'SERVER_PORT' => '80'
    'REMOTE_ADDR' => '192.168.1.11'
    'DOCUMENT_ROOT' => '/var/www/html/yii/web'
    'REQUEST_SCHEME' => 'http'
    'CONTEXT_PREFIX' => ''
    'CONTEXT_DOCUMENT_ROOT' => '/var/www/html/yii/web'
    'SERVER_ADMIN' => 'webmaster@localhost'
    'SCRIPT_FILENAME' => '/var/www/html/yii/web/index.php'
    'REMOTE_PORT' => '49707'
    'GATEWAY_INTERFACE' => 'CGI/1.1'
    'SERVER_PROTOCOL' => 'HTTP/1.1'
    'REQUEST_METHOD' => 'GET'
    'QUERY_STRING' => 'r=site%2Fcontact'
    'REQUEST_URI' => '/index.php?r=site%2Fcontact'
    'SCRIPT_NAME' => '/index.php'
    'PHP_SELF' => '/index.php'
    'REQUEST_TIME_FLOAT' => 1423010687.493
    'REQUEST_TIME' => 1423010687
]
2015-02-04 00:44:48 [192.168.1.11][-][-][warning][yii\debug\Module::checkAccess] Access to debugger is denied due to IP address restriction. The requesting IP address is 192.168.1.11
    in /var/www/html/yii/views/layouts/main.php:66
    in /var/www/html/yii/controllers/SiteController.php:94
2015-02-04 00:44:48 [192.168.1.11][-][-][info][application] $_GET = [
    'r' => 'site/about'
]

$_COOKIE = [
    '_csrf' => '69924c24e9cd46d478be9e27046764699c3c8c9b13e9d5364d7aed68d5ae7e03s:32:\"p8atkiRgE8xFDKob8DBExE-32tt8BDGY\";'
    'PHPSESSID' => 'psbuf0qu4ipldp7edb4v5t7j64'
]

$_SESSION = [
    '__flash' => []
    '__captcha/site/captcha' => 'djhiwa'
    '__captcha/site/captchacount' => 1
]

$_SERVER = [
    'HTTP_ACCEPT' => 'image/jpeg, image/gif, image/pjpeg, application/x-ms-application, application/xaml+xml, application/x-ms-xbap, */*'
    'HTTP_REFERER' => 'http://192.168.1.13/index.php?r=site%2Fcontact'
    'HTTP_ACCEPT_LANGUAGE' => 'es-ES'
    'HTTP_USER_AGENT' => 'Mozilla/5.0 (Windows NT 6.1; Win64; x64; Trident/7.0; rv:11.0) like Gecko'
    'HTTP_UA_CPU' => 'AMD64'
    'HTTP_ACCEPT_ENCODING' => 'gzip, deflate'
    'HTTP_HOST' => '192.168.1.13'
    'HTTP_CONNECTION' => 'Keep-Alive'
    'HTTP_COOKIE' => '_csrf=69924c24e9cd46d478be9e27046764699c3c8c9b13e9d5364d7aed68d5ae7e03s%3A32%3A%22p8atkiRgE8xFDKob8DBExE-32tt8BDGY%22%3B; PHPSESSID=psbuf0qu4ipldp7edb4v5t7j64'
    'PATH' => '/usr/local/sbin:/usr/local/bin:/usr/sbin:/usr/bin:/sbin:/bin'
    'SERVER_SIGNATURE' => '<address>Apache/2.4.7 (Ubuntu) Server at 192.168.1.13 Port 80</address>
'
    'SERVER_SOFTWARE' => 'Apache/2.4.7 (Ubuntu)'
    'SERVER_NAME' => '192.168.1.13'
    'SERVER_ADDR' => '192.168.1.13'
    'SERVER_PORT' => '80'
    'REMOTE_ADDR' => '192.168.1.11'
    'DOCUMENT_ROOT' => '/var/www/html/yii/web'
    'REQUEST_SCHEME' => 'http'
    'CONTEXT_PREFIX' => ''
    'CONTEXT_DOCUMENT_ROOT' => '/var/www/html/yii/web'
    'SERVER_ADMIN' => 'webmaster@localhost'
    'SCRIPT_FILENAME' => '/var/www/html/yii/web/index.php'
    'REMOTE_PORT' => '49707'
    'GATEWAY_INTERFACE' => 'CGI/1.1'
    'SERVER_PROTOCOL' => 'HTTP/1.1'
    'REQUEST_METHOD' => 'GET'
    'QUERY_STRING' => 'r=site%2Fabout'
    'REQUEST_URI' => '/index.php?r=site%2Fabout'
    'SCRIPT_NAME' => '/index.php'
    'PHP_SELF' => '/index.php'
    'REQUEST_TIME_FLOAT' => 1423010688.722
    'REQUEST_TIME' => 1423010688
]
2015-02-04 00:44:49 [192.168.1.11][-][-][warning][yii\debug\Module::checkAccess] Access to debugger is denied due to IP address restriction. The requesting IP address is 192.168.1.11
    in /var/www/html/yii/views/layouts/main.php:66
    in /var/www/html/yii/controllers/SiteController.php:52
2015-02-04 00:44:49 [192.168.1.11][-][-][info][application] $_GET = [
    'r' => 'site/index'
]

$_COOKIE = [
    '_csrf' => '69924c24e9cd46d478be9e27046764699c3c8c9b13e9d5364d7aed68d5ae7e03s:32:\"p8atkiRgE8xFDKob8DBExE-32tt8BDGY\";'
    'PHPSESSID' => 'psbuf0qu4ipldp7edb4v5t7j64'
]

$_SESSION = [
    '__flash' => []
    '__captcha/site/captcha' => 'djhiwa'
    '__captcha/site/captchacount' => 1
]

$_SERVER = [
    'HTTP_ACCEPT' => 'image/jpeg, image/gif, image/pjpeg, application/x-ms-application, application/xaml+xml, application/x-ms-xbap, */*'
    'HTTP_REFERER' => 'http://192.168.1.13/index.php?r=site%2Fabout'
    'HTTP_ACCEPT_LANGUAGE' => 'es-ES'
    'HTTP_USER_AGENT' => 'Mozilla/5.0 (Windows NT 6.1; Win64; x64; Trident/7.0; rv:11.0) like Gecko'
    'HTTP_UA_CPU' => 'AMD64'
    'HTTP_ACCEPT_ENCODING' => 'gzip, deflate'
    'HTTP_HOST' => '192.168.1.13'
    'HTTP_CONNECTION' => 'Keep-Alive'
    'HTTP_COOKIE' => '_csrf=69924c24e9cd46d478be9e27046764699c3c8c9b13e9d5364d7aed68d5ae7e03s%3A32%3A%22p8atkiRgE8xFDKob8DBExE-32tt8BDGY%22%3B; PHPSESSID=psbuf0qu4ipldp7edb4v5t7j64'
    'PATH' => '/usr/local/sbin:/usr/local/bin:/usr/sbin:/usr/bin:/sbin:/bin'
    'SERVER_SIGNATURE' => '<address>Apache/2.4.7 (Ubuntu) Server at 192.168.1.13 Port 80</address>
'
    'SERVER_SOFTWARE' => 'Apache/2.4.7 (Ubuntu)'
    'SERVER_NAME' => '192.168.1.13'
    'SERVER_ADDR' => '192.168.1.13'
    'SERVER_PORT' => '80'
    'REMOTE_ADDR' => '192.168.1.11'
    'DOCUMENT_ROOT' => '/var/www/html/yii/web'
    'REQUEST_SCHEME' => 'http'
    'CONTEXT_PREFIX' => ''
    'CONTEXT_DOCUMENT_ROOT' => '/var/www/html/yii/web'
    'SERVER_ADMIN' => 'webmaster@localhost'
    'SCRIPT_FILENAME' => '/var/www/html/yii/web/index.php'
    'REMOTE_PORT' => '49707'
    'GATEWAY_INTERFACE' => 'CGI/1.1'
    'SERVER_PROTOCOL' => 'HTTP/1.1'
    'REQUEST_METHOD' => 'GET'
    'QUERY_STRING' => 'r=site%2Findex'
    'REQUEST_URI' => '/index.php?r=site%2Findex'
    'SCRIPT_NAME' => '/index.php'
    'PHP_SELF' => '/index.php'
    'REQUEST_TIME_FLOAT' => 1423010689.825
    'REQUEST_TIME' => 1423010689
]
2015-02-04 00:44:50 [192.168.1.11][-][-][warning][yii\debug\Module::checkAccess] Access to debugger is denied due to IP address restriction. The requesting IP address is 192.168.1.11
    in /var/www/html/yii/views/layouts/main.php:66
    in /var/www/html/yii/controllers/SiteController.php:52
2015-02-04 00:44:50 [192.168.1.11][-][-][info][application] $_COOKIE = [
    '_csrf' => '69924c24e9cd46d478be9e27046764699c3c8c9b13e9d5364d7aed68d5ae7e03s:32:\"p8atkiRgE8xFDKob8DBExE-32tt8BDGY\";'
    'PHPSESSID' => 'psbuf0qu4ipldp7edb4v5t7j64'
]

$_SESSION = [
    '__flash' => []
    '__captcha/site/captcha' => 'djhiwa'
    '__captcha/site/captchacount' => 1
]

$_SERVER = [
    'HTTP_ACCEPT' => 'image/jpeg, image/gif, image/pjpeg, application/x-ms-application, application/xaml+xml, application/x-ms-xbap, */*'
    'HTTP_REFERER' => 'http://192.168.1.13/index.php?r=site%2Findex'
    'HTTP_ACCEPT_LANGUAGE' => 'es-ES'
    'HTTP_USER_AGENT' => 'Mozilla/5.0 (Windows NT 6.1; Win64; x64; Trident/7.0; rv:11.0) like Gecko'
    'HTTP_UA_CPU' => 'AMD64'
    'HTTP_ACCEPT_ENCODING' => 'gzip, deflate'
    'HTTP_HOST' => '192.168.1.13'
    'HTTP_CONNECTION' => 'Keep-Alive'
    'HTTP_COOKIE' => '_csrf=69924c24e9cd46d478be9e27046764699c3c8c9b13e9d5364d7aed68d5ae7e03s%3A32%3A%22p8atkiRgE8xFDKob8DBExE-32tt8BDGY%22%3B; PHPSESSID=psbuf0qu4ipldp7edb4v5t7j64'
    'PATH' => '/usr/local/sbin:/usr/local/bin:/usr/sbin:/usr/bin:/sbin:/bin'
    'SERVER_SIGNATURE' => '<address>Apache/2.4.7 (Ubuntu) Server at 192.168.1.13 Port 80</address>
'
    'SERVER_SOFTWARE' => 'Apache/2.4.7 (Ubuntu)'
    'SERVER_NAME' => '192.168.1.13'
    'SERVER_ADDR' => '192.168.1.13'
    'SERVER_PORT' => '80'
    'REMOTE_ADDR' => '192.168.1.11'
    'DOCUMENT_ROOT' => '/var/www/html/yii/web'
    'REQUEST_SCHEME' => 'http'
    'CONTEXT_PREFIX' => ''
    'CONTEXT_DOCUMENT_ROOT' => '/var/www/html/yii/web'
    'SERVER_ADMIN' => 'webmaster@localhost'
    'SCRIPT_FILENAME' => '/var/www/html/yii/web/index.php'
    'REMOTE_PORT' => '49707'
    'GATEWAY_INTERFACE' => 'CGI/1.1'
    'SERVER_PROTOCOL' => 'HTTP/1.1'
    'REQUEST_METHOD' => 'GET'
    'QUERY_STRING' => ''
    'REQUEST_URI' => '/index.php'
    'SCRIPT_NAME' => '/index.php'
    'PHP_SELF' => '/index.php'
    'REQUEST_TIME_FLOAT' => 1423010690.97
    'REQUEST_TIME' => 1423010690
]
2015-02-04 00:44:52 [192.168.1.11][-][-][warning][yii\debug\Module::checkAccess] Access to debugger is denied due to IP address restriction. The requesting IP address is 192.168.1.11
    in /var/www/html/yii/views/layouts/main.php:66
    in /var/www/html/yii/controllers/SiteController.php:94
2015-02-04 00:44:52 [192.168.1.11][-][-][info][application] $_GET = [
    'r' => 'site/about'
]

$_COOKIE = [
    '_csrf' => '69924c24e9cd46d478be9e27046764699c3c8c9b13e9d5364d7aed68d5ae7e03s:32:\"p8atkiRgE8xFDKob8DBExE-32tt8BDGY\";'
    'PHPSESSID' => 'psbuf0qu4ipldp7edb4v5t7j64'
]

$_SESSION = [
    '__flash' => []
    '__captcha/site/captcha' => 'djhiwa'
    '__captcha/site/captchacount' => 1
]

$_SERVER = [
    'HTTP_ACCEPT' => 'image/jpeg, image/gif, image/pjpeg, application/x-ms-application, application/xaml+xml, application/x-ms-xbap, */*'
    'HTTP_REFERER' => 'http://192.168.1.13/index.php'
    'HTTP_ACCEPT_LANGUAGE' => 'es-ES'
    'HTTP_USER_AGENT' => 'Mozilla/5.0 (Windows NT 6.1; Win64; x64; Trident/7.0; rv:11.0) like Gecko'
    'HTTP_UA_CPU' => 'AMD64'
    'HTTP_ACCEPT_ENCODING' => 'gzip, deflate'
    'HTTP_HOST' => '192.168.1.13'
    'HTTP_CONNECTION' => 'Keep-Alive'
    'HTTP_COOKIE' => '_csrf=69924c24e9cd46d478be9e27046764699c3c8c9b13e9d5364d7aed68d5ae7e03s%3A32%3A%22p8atkiRgE8xFDKob8DBExE-32tt8BDGY%22%3B; PHPSESSID=psbuf0qu4ipldp7edb4v5t7j64'
    'PATH' => '/usr/local/sbin:/usr/local/bin:/usr/sbin:/usr/bin:/sbin:/bin'
    'SERVER_SIGNATURE' => '<address>Apache/2.4.7 (Ubuntu) Server at 192.168.1.13 Port 80</address>
'
    'SERVER_SOFTWARE' => 'Apache/2.4.7 (Ubuntu)'
    'SERVER_NAME' => '192.168.1.13'
    'SERVER_ADDR' => '192.168.1.13'
    'SERVER_PORT' => '80'
    'REMOTE_ADDR' => '192.168.1.11'
    'DOCUMENT_ROOT' => '/var/www/html/yii/web'
    'REQUEST_SCHEME' => 'http'
    'CONTEXT_PREFIX' => ''
    'CONTEXT_DOCUMENT_ROOT' => '/var/www/html/yii/web'
    'SERVER_ADMIN' => 'webmaster@localhost'
    'SCRIPT_FILENAME' => '/var/www/html/yii/web/index.php'
    'REMOTE_PORT' => '49707'
    'GATEWAY_INTERFACE' => 'CGI/1.1'
    'SERVER_PROTOCOL' => 'HTTP/1.1'
    'REQUEST_METHOD' => 'GET'
    'QUERY_STRING' => 'r=site%2Fabout'
    'REQUEST_URI' => '/index.php?r=site%2Fabout'
    'SCRIPT_NAME' => '/index.php'
    'PHP_SELF' => '/index.php'
    'REQUEST_TIME_FLOAT' => 1423010692.519
    'REQUEST_TIME' => 1423010692
]
2015-02-04 00:53:17 [192.168.1.11][-][-][warning][yii\debug\Module::checkAccess] Access to debugger is denied due to IP address restriction. The requesting IP address is 192.168.1.11
    in /var/www/html/yii/views/layouts/main.php:66
    in /var/www/html/yii/controllers/SiteController.php:52
2015-02-04 00:53:17 [192.168.1.11][-][-][info][application] $_SERVER = [
    'HTTP_ACCEPT' => 'image/jpeg, image/gif, image/pjpeg, application/x-ms-application, application/xaml+xml, application/x-ms-xbap, */*'
    'HTTP_ACCEPT_LANGUAGE' => 'es-ES'
    'HTTP_CACHE_CONTROL' => 'no-cache'
    'HTTP_USER_AGENT' => 'Mozilla/5.0 (Windows NT 6.1; Win64; x64; Trident/7.0; rv:11.0) like Gecko'
    'HTTP_UA_CPU' => 'AMD64'
    'HTTP_ACCEPT_ENCODING' => 'gzip, deflate'
    'HTTP_HOST' => '192.168.1.13'
    'HTTP_CONNECTION' => 'Keep-Alive'
    'PATH' => '/usr/local/sbin:/usr/local/bin:/usr/sbin:/usr/bin:/sbin:/bin'
    'SERVER_SIGNATURE' => '<address>Apache/2.4.7 (Ubuntu) Server at 192.168.1.13 Port 80</address>
'
    'SERVER_SOFTWARE' => 'Apache/2.4.7 (Ubuntu)'
    'SERVER_NAME' => '192.168.1.13'
    'SERVER_ADDR' => '192.168.1.13'
    'SERVER_PORT' => '80'
    'REMOTE_ADDR' => '192.168.1.11'
    'DOCUMENT_ROOT' => '/var/www/html/yii/web'
    'REQUEST_SCHEME' => 'http'
    'CONTEXT_PREFIX' => ''
    'CONTEXT_DOCUMENT_ROOT' => '/var/www/html/yii/web'
    'SERVER_ADMIN' => 'webmaster@localhost'
    'SCRIPT_FILENAME' => '/var/www/html/yii/web/index.php'
    'REMOTE_PORT' => '49726'
    'GATEWAY_INTERFACE' => 'CGI/1.1'
    'SERVER_PROTOCOL' => 'HTTP/1.1'
    'REQUEST_METHOD' => 'GET'
    'QUERY_STRING' => ''
    'REQUEST_URI' => '/'
    'SCRIPT_NAME' => '/index.php'
    'PHP_SELF' => '/index.php'
    'REQUEST_TIME_FLOAT' => 1423011197.811
    'REQUEST_TIME' => 1423011197
]
2015-02-04 00:53:20 [192.168.1.11][-][-][warning][yii\debug\Module::checkAccess] Access to debugger is denied due to IP address restriction. The requesting IP address is 192.168.1.11
    in /var/www/html/yii/views/layouts/main.php:66
    in /var/www/html/yii/controllers/SiteController.php:94
2015-02-04 00:53:20 [192.168.1.11][-][-][info][application] $_GET = [
    'r' => 'site/about'
]

$_COOKIE = [
    '_csrf' => '0d39fb8e8cd2590de0efbc218ecc5d7087c1bd4d6b088a2aa0111fe8dde70896s:32:\"fZZOzvpDJUBZtEYGlerYJzVglKJLjrrF\";'
    'PHPSESSID' => 'g14o4a4v9ivpckj6ejuu6b8q70'
]

$_SESSION = [
    '__flash' => []
]

$_SERVER = [
    'HTTP_ACCEPT' => 'image/jpeg, image/gif, image/pjpeg, application/x-ms-application, application/xaml+xml, application/x-ms-xbap, */*'
    'HTTP_REFERER' => 'http://192.168.1.13/'
    'HTTP_ACCEPT_LANGUAGE' => 'es-ES'
    'HTTP_USER_AGENT' => 'Mozilla/5.0 (Windows NT 6.1; Win64; x64; Trident/7.0; rv:11.0) like Gecko'
    'HTTP_UA_CPU' => 'AMD64'
    'HTTP_ACCEPT_ENCODING' => 'gzip, deflate'
    'HTTP_HOST' => '192.168.1.13'
    'HTTP_CONNECTION' => 'Keep-Alive'
    'HTTP_COOKIE' => '_csrf=0d39fb8e8cd2590de0efbc218ecc5d7087c1bd4d6b088a2aa0111fe8dde70896s%3A32%3A%22fZZOzvpDJUBZtEYGlerYJzVglKJLjrrF%22%3B; PHPSESSID=g14o4a4v9ivpckj6ejuu6b8q70'
    'PATH' => '/usr/local/sbin:/usr/local/bin:/usr/sbin:/usr/bin:/sbin:/bin'
    'SERVER_SIGNATURE' => '<address>Apache/2.4.7 (Ubuntu) Server at 192.168.1.13 Port 80</address>
'
    'SERVER_SOFTWARE' => 'Apache/2.4.7 (Ubuntu)'
    'SERVER_NAME' => '192.168.1.13'
    'SERVER_ADDR' => '192.168.1.13'
    'SERVER_PORT' => '80'
    'REMOTE_ADDR' => '192.168.1.11'
    'DOCUMENT_ROOT' => '/var/www/html/yii/web'
    'REQUEST_SCHEME' => 'http'
    'CONTEXT_PREFIX' => ''
    'CONTEXT_DOCUMENT_ROOT' => '/var/www/html/yii/web'
    'SERVER_ADMIN' => 'webmaster@localhost'
    'SCRIPT_FILENAME' => '/var/www/html/yii/web/index.php'
    'REMOTE_PORT' => '49726'
    'GATEWAY_INTERFACE' => 'CGI/1.1'
    'SERVER_PROTOCOL' => 'HTTP/1.1'
    'REQUEST_METHOD' => 'GET'
    'QUERY_STRING' => 'r=site%2Fabout'
    'REQUEST_URI' => '/index.php?r=site%2Fabout'
    'SCRIPT_NAME' => '/index.php'
    'PHP_SELF' => '/index.php'
    'REQUEST_TIME_FLOAT' => 1423011200.146
    'REQUEST_TIME' => 1423011200
]
2015-02-04 00:53:21 [192.168.1.11][-][-][warning][yii\debug\Module::checkAccess] Access to debugger is denied due to IP address restriction. The requesting IP address is 192.168.1.11
    in /var/www/html/yii/views/layouts/main.php:66
    in /var/www/html/yii/controllers/SiteController.php:88
2015-02-04 00:53:21 [192.168.1.11][-][-][info][application] $_GET = [
    'r' => 'site/contact'
]

$_COOKIE = [
    '_csrf' => '0d39fb8e8cd2590de0efbc218ecc5d7087c1bd4d6b088a2aa0111fe8dde70896s:32:\"fZZOzvpDJUBZtEYGlerYJzVglKJLjrrF\";'
    'PHPSESSID' => 'g14o4a4v9ivpckj6ejuu6b8q70'
]

$_SESSION = [
    '__flash' => []
    '__captcha/site/captcha' => 'negiqkb'
    '__captcha/site/captchacount' => 1
]

$_SERVER = [
    'HTTP_ACCEPT' => 'image/jpeg, image/gif, image/pjpeg, application/x-ms-application, application/xaml+xml, application/x-ms-xbap, */*'
    'HTTP_REFERER' => 'http://192.168.1.13/index.php?r=site%2Fabout'
    'HTTP_ACCEPT_LANGUAGE' => 'es-ES'
    'HTTP_USER_AGENT' => 'Mozilla/5.0 (Windows NT 6.1; Win64; x64; Trident/7.0; rv:11.0) like Gecko'
    'HTTP_UA_CPU' => 'AMD64'
    'HTTP_ACCEPT_ENCODING' => 'gzip, deflate'
    'HTTP_HOST' => '192.168.1.13'
    'HTTP_CONNECTION' => 'Keep-Alive'
    'HTTP_COOKIE' => '_csrf=0d39fb8e8cd2590de0efbc218ecc5d7087c1bd4d6b088a2aa0111fe8dde70896s%3A32%3A%22fZZOzvpDJUBZtEYGlerYJzVglKJLjrrF%22%3B; PHPSESSID=g14o4a4v9ivpckj6ejuu6b8q70'
    'PATH' => '/usr/local/sbin:/usr/local/bin:/usr/sbin:/usr/bin:/sbin:/bin'
    'SERVER_SIGNATURE' => '<address>Apache/2.4.7 (Ubuntu) Server at 192.168.1.13 Port 80</address>
'
    'SERVER_SOFTWARE' => 'Apache/2.4.7 (Ubuntu)'
    'SERVER_NAME' => '192.168.1.13'
    'SERVER_ADDR' => '192.168.1.13'
    'SERVER_PORT' => '80'
    'REMOTE_ADDR' => '192.168.1.11'
    'DOCUMENT_ROOT' => '/var/www/html/yii/web'
    'REQUEST_SCHEME' => 'http'
    'CONTEXT_PREFIX' => ''
    'CONTEXT_DOCUMENT_ROOT' => '/var/www/html/yii/web'
    'SERVER_ADMIN' => 'webmaster@localhost'
    'SCRIPT_FILENAME' => '/var/www/html/yii/web/index.php'
    'REMOTE_PORT' => '49726'
    'GATEWAY_INTERFACE' => 'CGI/1.1'
    'SERVER_PROTOCOL' => 'HTTP/1.1'
    'REQUEST_METHOD' => 'GET'
    'QUERY_STRING' => 'r=site%2Fcontact'
    'REQUEST_URI' => '/index.php?r=site%2Fcontact'
    'SCRIPT_NAME' => '/index.php'
    'PHP_SELF' => '/index.php'
    'REQUEST_TIME_FLOAT' => 1423011201.015
    'REQUEST_TIME' => 1423011201
]
2015-02-04 00:53:21 [192.168.1.11][-][-][warning][yii\debug\Module::checkAccess] Access to debugger is denied due to IP address restriction. The requesting IP address is 192.168.1.11
    in /var/www/html/yii/views/layouts/main.php:66
    in /var/www/html/yii/controllers/SiteController.php:67
2015-02-04 00:53:21 [192.168.1.11][-][-][info][application] $_GET = [
    'r' => 'site/login'
]

$_COOKIE = [
    '_csrf' => '0d39fb8e8cd2590de0efbc218ecc5d7087c1bd4d6b088a2aa0111fe8dde70896s:32:\"fZZOzvpDJUBZtEYGlerYJzVglKJLjrrF\";'
    'PHPSESSID' => 'g14o4a4v9ivpckj6ejuu6b8q70'
]

$_SESSION = [
    '__flash' => []
    '__captcha/site/captcha' => 'negiqkb'
    '__captcha/site/captchacount' => 1
]

$_SERVER = [
    'HTTP_ACCEPT' => 'image/jpeg, image/gif, image/pjpeg, application/x-ms-application, application/xaml+xml, application/x-ms-xbap, */*'
    'HTTP_REFERER' => 'http://192.168.1.13/index.php?r=site%2Fcontact'
    'HTTP_ACCEPT_LANGUAGE' => 'es-ES'
    'HTTP_USER_AGENT' => 'Mozilla/5.0 (Windows NT 6.1; Win64; x64; Trident/7.0; rv:11.0) like Gecko'
    'HTTP_UA_CPU' => 'AMD64'
    'HTTP_ACCEPT_ENCODING' => 'gzip, deflate'
    'HTTP_HOST' => '192.168.1.13'
    'HTTP_CONNECTION' => 'Keep-Alive'
    'HTTP_COOKIE' => '_csrf=0d39fb8e8cd2590de0efbc218ecc5d7087c1bd4d6b088a2aa0111fe8dde70896s%3A32%3A%22fZZOzvpDJUBZtEYGlerYJzVglKJLjrrF%22%3B; PHPSESSID=g14o4a4v9ivpckj6ejuu6b8q70'
    'PATH' => '/usr/local/sbin:/usr/local/bin:/usr/sbin:/usr/bin:/sbin:/bin'
    'SERVER_SIGNATURE' => '<address>Apache/2.4.7 (Ubuntu) Server at 192.168.1.13 Port 80</address>
'
    'SERVER_SOFTWARE' => 'Apache/2.4.7 (Ubuntu)'
    'SERVER_NAME' => '192.168.1.13'
    'SERVER_ADDR' => '192.168.1.13'
    'SERVER_PORT' => '80'
    'REMOTE_ADDR' => '192.168.1.11'
    'DOCUMENT_ROOT' => '/var/www/html/yii/web'
    'REQUEST_SCHEME' => 'http'
    'CONTEXT_PREFIX' => ''
    'CONTEXT_DOCUMENT_ROOT' => '/var/www/html/yii/web'
    'SERVER_ADMIN' => 'webmaster@localhost'
    'SCRIPT_FILENAME' => '/var/www/html/yii/web/index.php'
    'REMOTE_PORT' => '49726'
    'GATEWAY_INTERFACE' => 'CGI/1.1'
    'SERVER_PROTOCOL' => 'HTTP/1.1'
    'REQUEST_METHOD' => 'GET'
    'QUERY_STRING' => 'r=site%2Flogin'
    'REQUEST_URI' => '/index.php?r=site%2Flogin'
    'SCRIPT_NAME' => '/index.php'
    'PHP_SELF' => '/index.php'
    'REQUEST_TIME_FLOAT' => 1423011201.918
    'REQUEST_TIME' => 1423011201
]
2015-02-04 00:53:22 [192.168.1.11][-][-][warning][yii\debug\Module::checkAccess] Access to debugger is denied due to IP address restriction. The requesting IP address is 192.168.1.11
    in /var/www/html/yii/views/layouts/main.php:66
    in /var/www/html/yii/controllers/SiteController.php:52
2015-02-04 00:53:22 [192.168.1.11][-][-][info][application] $_GET = [
    'r' => 'site/index'
]

$_COOKIE = [
    '_csrf' => '0d39fb8e8cd2590de0efbc218ecc5d7087c1bd4d6b088a2aa0111fe8dde70896s:32:\"fZZOzvpDJUBZtEYGlerYJzVglKJLjrrF\";'
    'PHPSESSID' => 'g14o4a4v9ivpckj6ejuu6b8q70'
]

$_SESSION = [
    '__flash' => []
    '__captcha/site/captcha' => 'negiqkb'
    '__captcha/site/captchacount' => 1
]

$_SERVER = [
    'HTTP_ACCEPT' => 'image/jpeg, image/gif, image/pjpeg, application/x-ms-application, application/xaml+xml, application/x-ms-xbap, */*'
    'HTTP_REFERER' => 'http://192.168.1.13/index.php?r=site%2Flogin'
    'HTTP_ACCEPT_LANGUAGE' => 'es-ES'
    'HTTP_USER_AGENT' => 'Mozilla/5.0 (Windows NT 6.1; Win64; x64; Trident/7.0; rv:11.0) like Gecko'
    'HTTP_UA_CPU' => 'AMD64'
    'HTTP_ACCEPT_ENCODING' => 'gzip, deflate'
    'HTTP_HOST' => '192.168.1.13'
    'HTTP_CONNECTION' => 'Keep-Alive'
    'HTTP_COOKIE' => '_csrf=0d39fb8e8cd2590de0efbc218ecc5d7087c1bd4d6b088a2aa0111fe8dde70896s%3A32%3A%22fZZOzvpDJUBZtEYGlerYJzVglKJLjrrF%22%3B; PHPSESSID=g14o4a4v9ivpckj6ejuu6b8q70'
    'PATH' => '/usr/local/sbin:/usr/local/bin:/usr/sbin:/usr/bin:/sbin:/bin'
    'SERVER_SIGNATURE' => '<address>Apache/2.4.7 (Ubuntu) Server at 192.168.1.13 Port 80</address>
'
    'SERVER_SOFTWARE' => 'Apache/2.4.7 (Ubuntu)'
    'SERVER_NAME' => '192.168.1.13'
    'SERVER_ADDR' => '192.168.1.13'
    'SERVER_PORT' => '80'
    'REMOTE_ADDR' => '192.168.1.11'
    'DOCUMENT_ROOT' => '/var/www/html/yii/web'
    'REQUEST_SCHEME' => 'http'
    'CONTEXT_PREFIX' => ''
    'CONTEXT_DOCUMENT_ROOT' => '/var/www/html/yii/web'
    'SERVER_ADMIN' => 'webmaster@localhost'
    'SCRIPT_FILENAME' => '/var/www/html/yii/web/index.php'
    'REMOTE_PORT' => '49726'
    'GATEWAY_INTERFACE' => 'CGI/1.1'
    'SERVER_PROTOCOL' => 'HTTP/1.1'
    'REQUEST_METHOD' => 'GET'
    'QUERY_STRING' => 'r=site%2Findex'
    'REQUEST_URI' => '/index.php?r=site%2Findex'
    'SCRIPT_NAME' => '/index.php'
    'PHP_SELF' => '/index.php'
    'REQUEST_TIME_FLOAT' => 1423011202.967
    'REQUEST_TIME' => 1423011202
]
2015-02-04 00:53:35 [192.168.1.11][-][-][warning][yii\debug\Module::checkAccess] Access to debugger is denied due to IP address restriction. The requesting IP address is 192.168.1.11
    in /var/www/html/yii/views/layouts/main.php:66
    in /var/www/html/yii/controllers/SiteController.php:52
2015-02-04 00:53:35 [192.168.1.11][-][-][info][application] $_COOKIE = [
    '_csrf' => '0d39fb8e8cd2590de0efbc218ecc5d7087c1bd4d6b088a2aa0111fe8dde70896s:32:\"fZZOzvpDJUBZtEYGlerYJzVglKJLjrrF\";'
    'PHPSESSID' => 'g14o4a4v9ivpckj6ejuu6b8q70'
]

$_SESSION = [
    '__flash' => []
    '__captcha/site/captcha' => 'negiqkb'
    '__captcha/site/captchacount' => 1
]

$_SERVER = [
    'HTTP_ACCEPT' => 'image/jpeg, image/gif, image/pjpeg, application/x-ms-application, application/xaml+xml, application/x-ms-xbap, */*'
    'HTTP_REFERER' => 'http://192.168.1.13/index.php?r=site%2Findex'
    'HTTP_ACCEPT_LANGUAGE' => 'es-ES'
    'HTTP_USER_AGENT' => 'Mozilla/5.0 (Windows NT 6.1; Win64; x64; Trident/7.0; rv:11.0) like Gecko'
    'HTTP_UA_CPU' => 'AMD64'
    'HTTP_ACCEPT_ENCODING' => 'gzip, deflate'
    'HTTP_HOST' => '192.168.1.13'
    'HTTP_CONNECTION' => 'Keep-Alive'
    'HTTP_COOKIE' => '_csrf=0d39fb8e8cd2590de0efbc218ecc5d7087c1bd4d6b088a2aa0111fe8dde70896s%3A32%3A%22fZZOzvpDJUBZtEYGlerYJzVglKJLjrrF%22%3B; PHPSESSID=g14o4a4v9ivpckj6ejuu6b8q70'
    'PATH' => '/usr/local/sbin:/usr/local/bin:/usr/sbin:/usr/bin:/sbin:/bin'
    'SERVER_SIGNATURE' => '<address>Apache/2.4.7 (Ubuntu) Server at 192.168.1.13 Port 80</address>
'
    'SERVER_SOFTWARE' => 'Apache/2.4.7 (Ubuntu)'
    'SERVER_NAME' => '192.168.1.13'
    'SERVER_ADDR' => '192.168.1.13'
    'SERVER_PORT' => '80'
    'REMOTE_ADDR' => '192.168.1.11'
    'DOCUMENT_ROOT' => '/var/www/html/yii/web'
    'REQUEST_SCHEME' => 'http'
    'CONTEXT_PREFIX' => ''
    'CONTEXT_DOCUMENT_ROOT' => '/var/www/html/yii/web'
    'SERVER_ADMIN' => 'webmaster@localhost'
    'SCRIPT_FILENAME' => '/var/www/html/yii/web/index.php'
    'REMOTE_PORT' => '49729'
    'GATEWAY_INTERFACE' => 'CGI/1.1'
    'SERVER_PROTOCOL' => 'HTTP/1.1'
    'REQUEST_METHOD' => 'GET'
    'QUERY_STRING' => ''
    'REQUEST_URI' => '/index.php'
    'SCRIPT_NAME' => '/index.php'
    'PHP_SELF' => '/index.php'
    'REQUEST_TIME_FLOAT' => 1423011215.729
    'REQUEST_TIME' => 1423011215
]
2015-02-04 00:53:36 [192.168.1.11][-][-][warning][yii\debug\Module::checkAccess] Access to debugger is denied due to IP address restriction. The requesting IP address is 192.168.1.11
    in /var/www/html/yii/views/layouts/main.php:66
    in /var/www/html/yii/controllers/SiteController.php:94
2015-02-04 00:53:36 [192.168.1.11][-][-][info][application] $_GET = [
    'r' => 'site/about'
]

$_COOKIE = [
    '_csrf' => '0d39fb8e8cd2590de0efbc218ecc5d7087c1bd4d6b088a2aa0111fe8dde70896s:32:\"fZZOzvpDJUBZtEYGlerYJzVglKJLjrrF\";'
    'PHPSESSID' => 'g14o4a4v9ivpckj6ejuu6b8q70'
]

$_SESSION = [
    '__flash' => []
    '__captcha/site/captcha' => 'negiqkb'
    '__captcha/site/captchacount' => 1
]

$_SERVER = [
    'HTTP_ACCEPT' => 'image/jpeg, image/gif, image/pjpeg, application/x-ms-application, application/xaml+xml, application/x-ms-xbap, */*'
    'HTTP_REFERER' => 'http://192.168.1.13/index.php'
    'HTTP_ACCEPT_LANGUAGE' => 'es-ES'
    'HTTP_USER_AGENT' => 'Mozilla/5.0 (Windows NT 6.1; Win64; x64; Trident/7.0; rv:11.0) like Gecko'
    'HTTP_UA_CPU' => 'AMD64'
    'HTTP_ACCEPT_ENCODING' => 'gzip, deflate'
    'HTTP_HOST' => '192.168.1.13'
    'HTTP_CONNECTION' => 'Keep-Alive'
    'HTTP_COOKIE' => '_csrf=0d39fb8e8cd2590de0efbc218ecc5d7087c1bd4d6b088a2aa0111fe8dde70896s%3A32%3A%22fZZOzvpDJUBZtEYGlerYJzVglKJLjrrF%22%3B; PHPSESSID=g14o4a4v9ivpckj6ejuu6b8q70'
    'PATH' => '/usr/local/sbin:/usr/local/bin:/usr/sbin:/usr/bin:/sbin:/bin'
    'SERVER_SIGNATURE' => '<address>Apache/2.4.7 (Ubuntu) Server at 192.168.1.13 Port 80</address>
'
    'SERVER_SOFTWARE' => 'Apache/2.4.7 (Ubuntu)'
    'SERVER_NAME' => '192.168.1.13'
    'SERVER_ADDR' => '192.168.1.13'
    'SERVER_PORT' => '80'
    'REMOTE_ADDR' => '192.168.1.11'
    'DOCUMENT_ROOT' => '/var/www/html/yii/web'
    'REQUEST_SCHEME' => 'http'
    'CONTEXT_PREFIX' => ''
    'CONTEXT_DOCUMENT_ROOT' => '/var/www/html/yii/web'
    'SERVER_ADMIN' => 'webmaster@localhost'
    'SCRIPT_FILENAME' => '/var/www/html/yii/web/index.php'
    'REMOTE_PORT' => '49729'
    'GATEWAY_INTERFACE' => 'CGI/1.1'
    'SERVER_PROTOCOL' => 'HTTP/1.1'
    'REQUEST_METHOD' => 'GET'
    'QUERY_STRING' => 'r=site%2Fabout'
    'REQUEST_URI' => '/index.php?r=site%2Fabout'
    'SCRIPT_NAME' => '/index.php'
    'PHP_SELF' => '/index.php'
    'REQUEST_TIME_FLOAT' => 1423011216.763
    'REQUEST_TIME' => 1423011216
]
2015-02-04 00:53:37 [192.168.1.11][-][-][warning][yii\debug\Module::checkAccess] Access to debugger is denied due to IP address restriction. The requesting IP address is 192.168.1.11
    in /var/www/html/yii/views/layouts/main.php:66
    in /var/www/html/yii/controllers/SiteController.php:52
2015-02-04 00:53:37 [192.168.1.11][-][-][info][application] $_COOKIE = [
    '_csrf' => '0d39fb8e8cd2590de0efbc218ecc5d7087c1bd4d6b088a2aa0111fe8dde70896s:32:\"fZZOzvpDJUBZtEYGlerYJzVglKJLjrrF\";'
    'PHPSESSID' => 'g14o4a4v9ivpckj6ejuu6b8q70'
]

$_SESSION = [
    '__flash' => []
    '__captcha/site/captcha' => 'negiqkb'
    '__captcha/site/captchacount' => 1
]

$_SERVER = [
    'HTTP_ACCEPT' => 'image/jpeg, image/gif, image/pjpeg, application/x-ms-application, application/xaml+xml, application/x-ms-xbap, */*'
    'HTTP_REFERER' => 'http://192.168.1.13/index.php?r=site%2Fabout'
    'HTTP_ACCEPT_LANGUAGE' => 'es-ES'
    'HTTP_USER_AGENT' => 'Mozilla/5.0 (Windows NT 6.1; Win64; x64; Trident/7.0; rv:11.0) like Gecko'
    'HTTP_UA_CPU' => 'AMD64'
    'HTTP_ACCEPT_ENCODING' => 'gzip, deflate'
    'HTTP_HOST' => '192.168.1.13'
    'HTTP_CONNECTION' => 'Keep-Alive'
    'HTTP_COOKIE' => '_csrf=0d39fb8e8cd2590de0efbc218ecc5d7087c1bd4d6b088a2aa0111fe8dde70896s%3A32%3A%22fZZOzvpDJUBZtEYGlerYJzVglKJLjrrF%22%3B; PHPSESSID=g14o4a4v9ivpckj6ejuu6b8q70'
    'PATH' => '/usr/local/sbin:/usr/local/bin:/usr/sbin:/usr/bin:/sbin:/bin'
    'SERVER_SIGNATURE' => '<address>Apache/2.4.7 (Ubuntu) Server at 192.168.1.13 Port 80</address>
'
    'SERVER_SOFTWARE' => 'Apache/2.4.7 (Ubuntu)'
    'SERVER_NAME' => '192.168.1.13'
    'SERVER_ADDR' => '192.168.1.13'
    'SERVER_PORT' => '80'
    'REMOTE_ADDR' => '192.168.1.11'
    'DOCUMENT_ROOT' => '/var/www/html/yii/web'
    'REQUEST_SCHEME' => 'http'
    'CONTEXT_PREFIX' => ''
    'CONTEXT_DOCUMENT_ROOT' => '/var/www/html/yii/web'
    'SERVER_ADMIN' => 'webmaster@localhost'
    'SCRIPT_FILENAME' => '/var/www/html/yii/web/index.php'
    'REMOTE_PORT' => '49729'
    'GATEWAY_INTERFACE' => 'CGI/1.1'
    'SERVER_PROTOCOL' => 'HTTP/1.1'
    'REQUEST_METHOD' => 'GET'
    'QUERY_STRING' => ''
    'REQUEST_URI' => '/index.php'
    'SCRIPT_NAME' => '/index.php'
    'PHP_SELF' => '/index.php'
    'REQUEST_TIME_FLOAT' => 1423011217.872
    'REQUEST_TIME' => 1423011217
]
2015-02-04 00:53:39 [192.168.1.11][-][-][warning][yii\debug\Module::checkAccess] Access to debugger is denied due to IP address restriction. The requesting IP address is 192.168.1.11
    in /var/www/html/yii/views/layouts/main.php:66
    in /var/www/html/yii/controllers/SiteController.php:94
2015-02-04 00:53:39 [192.168.1.11][-][-][info][application] $_GET = [
    'r' => 'site/about'
]

$_COOKIE = [
    '_csrf' => '0d39fb8e8cd2590de0efbc218ecc5d7087c1bd4d6b088a2aa0111fe8dde70896s:32:\"fZZOzvpDJUBZtEYGlerYJzVglKJLjrrF\";'
    'PHPSESSID' => 'g14o4a4v9ivpckj6ejuu6b8q70'
]

$_SESSION = [
    '__flash' => []
    '__captcha/site/captcha' => 'negiqkb'
    '__captcha/site/captchacount' => 1
]

$_SERVER = [
    'HTTP_ACCEPT' => 'image/jpeg, image/gif, image/pjpeg, application/x-ms-application, application/xaml+xml, application/x-ms-xbap, */*'
    'HTTP_REFERER' => 'http://192.168.1.13/index.php'
    'HTTP_ACCEPT_LANGUAGE' => 'es-ES'
    'HTTP_USER_AGENT' => 'Mozilla/5.0 (Windows NT 6.1; Win64; x64; Trident/7.0; rv:11.0) like Gecko'
    'HTTP_UA_CPU' => 'AMD64'
    'HTTP_ACCEPT_ENCODING' => 'gzip, deflate'
    'HTTP_HOST' => '192.168.1.13'
    'HTTP_CONNECTION' => 'Keep-Alive'
    'HTTP_COOKIE' => '_csrf=0d39fb8e8cd2590de0efbc218ecc5d7087c1bd4d6b088a2aa0111fe8dde70896s%3A32%3A%22fZZOzvpDJUBZtEYGlerYJzVglKJLjrrF%22%3B; PHPSESSID=g14o4a4v9ivpckj6ejuu6b8q70'
    'PATH' => '/usr/local/sbin:/usr/local/bin:/usr/sbin:/usr/bin:/sbin:/bin'
    'SERVER_SIGNATURE' => '<address>Apache/2.4.7 (Ubuntu) Server at 192.168.1.13 Port 80</address>
'
    'SERVER_SOFTWARE' => 'Apache/2.4.7 (Ubuntu)'
    'SERVER_NAME' => '192.168.1.13'
    'SERVER_ADDR' => '192.168.1.13'
    'SERVER_PORT' => '80'
    'REMOTE_ADDR' => '192.168.1.11'
    'DOCUMENT_ROOT' => '/var/www/html/yii/web'
    'REQUEST_SCHEME' => 'http'
    'CONTEXT_PREFIX' => ''
    'CONTEXT_DOCUMENT_ROOT' => '/var/www/html/yii/web'
    'SERVER_ADMIN' => 'webmaster@localhost'
    'SCRIPT_FILENAME' => '/var/www/html/yii/web/index.php'
    'REMOTE_PORT' => '49729'
    'GATEWAY_INTERFACE' => 'CGI/1.1'
    'SERVER_PROTOCOL' => 'HTTP/1.1'
    'REQUEST_METHOD' => 'GET'
    'QUERY_STRING' => 'r=site%2Fabout'
    'REQUEST_URI' => '/index.php?r=site%2Fabout'
    'SCRIPT_NAME' => '/index.php'
    'PHP_SELF' => '/index.php'
    'REQUEST_TIME_FLOAT' => 1423011219.265
    'REQUEST_TIME' => 1423011219
]
2015-02-04 00:53:45 [192.168.1.11][-][-][warning][yii\debug\Module::checkAccess] Access to debugger is denied due to IP address restriction. The requesting IP address is 192.168.1.11
    in /var/www/html/yii/views/layouts/main.php:66
    in /var/www/html/yii/controllers/SiteController.php:94
2015-02-04 00:53:45 [192.168.1.11][-][-][info][application] $_GET = [
    'r' => 'site/about'
]

$_COOKIE = [
    '_csrf' => '0d39fb8e8cd2590de0efbc218ecc5d7087c1bd4d6b088a2aa0111fe8dde70896s:32:\"fZZOzvpDJUBZtEYGlerYJzVglKJLjrrF\";'
    'PHPSESSID' => 'g14o4a4v9ivpckj6ejuu6b8q70'
]

$_SESSION = [
    '__flash' => []
    '__captcha/site/captcha' => 'negiqkb'
    '__captcha/site/captchacount' => 1
]

$_SERVER = [
    'HTTP_ACCEPT' => 'image/jpeg, image/gif, image/pjpeg, application/x-ms-application, application/xaml+xml, application/x-ms-xbap, */*'
    'HTTP_REFERER' => 'http://192.168.1.13/index.php'
    'HTTP_ACCEPT_LANGUAGE' => 'es-ES'
    'HTTP_USER_AGENT' => 'Mozilla/5.0 (Windows NT 6.1; Win64; x64; Trident/7.0; rv:11.0) like Gecko'
    'HTTP_UA_CPU' => 'AMD64'
    'HTTP_ACCEPT_ENCODING' => 'gzip, deflate'
    'HTTP_HOST' => '192.168.1.13'
    'HTTP_CONNECTION' => 'Keep-Alive'
    'HTTP_COOKIE' => '_csrf=0d39fb8e8cd2590de0efbc218ecc5d7087c1bd4d6b088a2aa0111fe8dde70896s%3A32%3A%22fZZOzvpDJUBZtEYGlerYJzVglKJLjrrF%22%3B; PHPSESSID=g14o4a4v9ivpckj6ejuu6b8q70'
    'PATH' => '/usr/local/sbin:/usr/local/bin:/usr/sbin:/usr/bin:/sbin:/bin'
    'SERVER_SIGNATURE' => '<address>Apache/2.4.7 (Ubuntu) Server at 192.168.1.13 Port 80</address>
'
    'SERVER_SOFTWARE' => 'Apache/2.4.7 (Ubuntu)'
    'SERVER_NAME' => '192.168.1.13'
    'SERVER_ADDR' => '192.168.1.13'
    'SERVER_PORT' => '80'
    'REMOTE_ADDR' => '192.168.1.11'
    'DOCUMENT_ROOT' => '/var/www/html/yii/web'
    'REQUEST_SCHEME' => 'http'
    'CONTEXT_PREFIX' => ''
    'CONTEXT_DOCUMENT_ROOT' => '/var/www/html/yii/web'
    'SERVER_ADMIN' => 'webmaster@localhost'
    'SCRIPT_FILENAME' => '/var/www/html/yii/web/index.php'
    'REMOTE_PORT' => '49744'
    'GATEWAY_INTERFACE' => 'CGI/1.1'
    'SERVER_PROTOCOL' => 'HTTP/1.1'
    'REQUEST_METHOD' => 'GET'
    'QUERY_STRING' => 'r=site%2Fabout'
    'REQUEST_URI' => '/index.php?r=site%2Fabout'
    'SCRIPT_NAME' => '/index.php'
    'PHP_SELF' => '/index.php'
    'REQUEST_TIME_FLOAT' => 1423011225.847
    'REQUEST_TIME' => 1423011225
]
2015-02-04 00:53:47 [192.168.1.11][-][-][warning][yii\debug\Module::checkAccess] Access to debugger is denied due to IP address restriction. The requesting IP address is 192.168.1.11
    in /var/www/html/yii/views/layouts/main.php:66
    in /var/www/html/yii/controllers/SiteController.php:88
2015-02-04 00:53:47 [192.168.1.11][-][-][info][application] $_GET = [
    'r' => 'site/contact'
]

$_COOKIE = [
    '_csrf' => '0d39fb8e8cd2590de0efbc218ecc5d7087c1bd4d6b088a2aa0111fe8dde70896s:32:\"fZZOzvpDJUBZtEYGlerYJzVglKJLjrrF\";'
    'PHPSESSID' => 'g14o4a4v9ivpckj6ejuu6b8q70'
]

$_SESSION = [
    '__flash' => []
    '__captcha/site/captcha' => 'negiqkb'
    '__captcha/site/captchacount' => 1
]

$_SERVER = [
    'HTTP_ACCEPT' => 'image/jpeg, image/gif, image/pjpeg, application/x-ms-application, application/xaml+xml, application/x-ms-xbap, */*'
    'HTTP_REFERER' => 'http://192.168.1.13/index.php?r=site%2Fabout'
    'HTTP_ACCEPT_LANGUAGE' => 'es-ES'
    'HTTP_USER_AGENT' => 'Mozilla/5.0 (Windows NT 6.1; Win64; x64; Trident/7.0; rv:11.0) like Gecko'
    'HTTP_UA_CPU' => 'AMD64'
    'HTTP_ACCEPT_ENCODING' => 'gzip, deflate'
    'HTTP_HOST' => '192.168.1.13'
    'HTTP_CONNECTION' => 'Keep-Alive'
    'HTTP_COOKIE' => '_csrf=0d39fb8e8cd2590de0efbc218ecc5d7087c1bd4d6b088a2aa0111fe8dde70896s%3A32%3A%22fZZOzvpDJUBZtEYGlerYJzVglKJLjrrF%22%3B; PHPSESSID=g14o4a4v9ivpckj6ejuu6b8q70'
    'PATH' => '/usr/local/sbin:/usr/local/bin:/usr/sbin:/usr/bin:/sbin:/bin'
    'SERVER_SIGNATURE' => '<address>Apache/2.4.7 (Ubuntu) Server at 192.168.1.13 Port 80</address>
'
    'SERVER_SOFTWARE' => 'Apache/2.4.7 (Ubuntu)'
    'SERVER_NAME' => '192.168.1.13'
    'SERVER_ADDR' => '192.168.1.13'
    'SERVER_PORT' => '80'
    'REMOTE_ADDR' => '192.168.1.11'
    'DOCUMENT_ROOT' => '/var/www/html/yii/web'
    'REQUEST_SCHEME' => 'http'
    'CONTEXT_PREFIX' => ''
    'CONTEXT_DOCUMENT_ROOT' => '/var/www/html/yii/web'
    'SERVER_ADMIN' => 'webmaster@localhost'
    'SCRIPT_FILENAME' => '/var/www/html/yii/web/index.php'
    'REMOTE_PORT' => '49744'
    'GATEWAY_INTERFACE' => 'CGI/1.1'
    'SERVER_PROTOCOL' => 'HTTP/1.1'
    'REQUEST_METHOD' => 'GET'
    'QUERY_STRING' => 'r=site%2Fcontact'
    'REQUEST_URI' => '/index.php?r=site%2Fcontact'
    'SCRIPT_NAME' => '/index.php'
    'PHP_SELF' => '/index.php'
    'REQUEST_TIME_FLOAT' => 1423011227.876
    'REQUEST_TIME' => 1423011227
]
2015-02-04 00:53:48 [192.168.1.11][-][-][warning][yii\debug\Module::checkAccess] Access to debugger is denied due to IP address restriction. The requesting IP address is 192.168.1.11
    in /var/www/html/yii/views/layouts/main.php:66
    in /var/www/html/yii/controllers/SiteController.php:67
2015-02-04 00:53:48 [192.168.1.11][-][-][info][application] $_GET = [
    'r' => 'site/login'
]

$_COOKIE = [
    '_csrf' => '0d39fb8e8cd2590de0efbc218ecc5d7087c1bd4d6b088a2aa0111fe8dde70896s:32:\"fZZOzvpDJUBZtEYGlerYJzVglKJLjrrF\";'
    'PHPSESSID' => 'g14o4a4v9ivpckj6ejuu6b8q70'
]

$_SESSION = [
    '__flash' => []
    '__captcha/site/captcha' => 'negiqkb'
    '__captcha/site/captchacount' => 1
]

$_SERVER = [
    'HTTP_ACCEPT' => 'image/jpeg, image/gif, image/pjpeg, application/x-ms-application, application/xaml+xml, application/x-ms-xbap, */*'
    'HTTP_REFERER' => 'http://192.168.1.13/index.php?r=site%2Fcontact'
    'HTTP_ACCEPT_LANGUAGE' => 'es-ES'
    'HTTP_USER_AGENT' => 'Mozilla/5.0 (Windows NT 6.1; Win64; x64; Trident/7.0; rv:11.0) like Gecko'
    'HTTP_UA_CPU' => 'AMD64'
    'HTTP_ACCEPT_ENCODING' => 'gzip, deflate'
    'HTTP_HOST' => '192.168.1.13'
    'HTTP_CONNECTION' => 'Keep-Alive'
    'HTTP_COOKIE' => '_csrf=0d39fb8e8cd2590de0efbc218ecc5d7087c1bd4d6b088a2aa0111fe8dde70896s%3A32%3A%22fZZOzvpDJUBZtEYGlerYJzVglKJLjrrF%22%3B; PHPSESSID=g14o4a4v9ivpckj6ejuu6b8q70'
    'PATH' => '/usr/local/sbin:/usr/local/bin:/usr/sbin:/usr/bin:/sbin:/bin'
    'SERVER_SIGNATURE' => '<address>Apache/2.4.7 (Ubuntu) Server at 192.168.1.13 Port 80</address>
'
    'SERVER_SOFTWARE' => 'Apache/2.4.7 (Ubuntu)'
    'SERVER_NAME' => '192.168.1.13'
    'SERVER_ADDR' => '192.168.1.13'
    'SERVER_PORT' => '80'
    'REMOTE_ADDR' => '192.168.1.11'
    'DOCUMENT_ROOT' => '/var/www/html/yii/web'
    'REQUEST_SCHEME' => 'http'
    'CONTEXT_PREFIX' => ''
    'CONTEXT_DOCUMENT_ROOT' => '/var/www/html/yii/web'
    'SERVER_ADMIN' => 'webmaster@localhost'
    'SCRIPT_FILENAME' => '/var/www/html/yii/web/index.php'
    'REMOTE_PORT' => '49744'
    'GATEWAY_INTERFACE' => 'CGI/1.1'
    'SERVER_PROTOCOL' => 'HTTP/1.1'
    'REQUEST_METHOD' => 'GET'
    'QUERY_STRING' => 'r=site%2Flogin'
    'REQUEST_URI' => '/index.php?r=site%2Flogin'
    'SCRIPT_NAME' => '/index.php'
    'PHP_SELF' => '/index.php'
    'REQUEST_TIME_FLOAT' => 1423011228.922
    'REQUEST_TIME' => 1423011228
]
2015-02-10 20:19:46 [192.168.1.11][-][-][warning][yii\debug\Module::checkAccess] Access to debugger is denied due to IP address restriction. The requesting IP address is 192.168.1.11
    in /var/www/html/yii/views/layouts/main.php:66
    in /var/www/html/yii/controllers/SiteController.php:52
2015-02-10 20:19:45 [192.168.1.11][-][-][info][application] $_COOKIE = [
    '_csrf' => '39c6dd4281269b95fab13125316b0e5dbf588ee13a31f2eed9ad4d9949697f84s:32:\"z2RU875ek8HpuymQHgLq3NsgvXb5jPM0\";'
    'PHPSESSID' => 'bic38e35mqbbncc4d0h8p2r983'
]

$_SESSION = [
    'login' => 'true'
    'user' => 'Jos Javier'
    '__flash' => []
]

$_SERVER = [
    'HTTP_HOST' => '192.168.1.13'
    'HTTP_CONNECTION' => 'keep-alive'
    'HTTP_ACCEPT' => 'text/html,application/xhtml+xml,application/xml;q=0.9,image/webp,*/*;q=0.8'
    'HTTP_USER_AGENT' => 'Mozilla/5.0 (Windows NT 6.1; WOW64) AppleWebKit/537.36 (KHTML, like Gecko) Chrome/39.0.2171.95 Safari/537.36'
    'HTTP_ACCEPT_ENCODING' => 'gzip, deflate, sdch'
    'HTTP_ACCEPT_LANGUAGE' => 'es-ES,es;q=0.8'
    'HTTP_COOKIE' => '_csrf=39c6dd4281269b95fab13125316b0e5dbf588ee13a31f2eed9ad4d9949697f84s%3A32%3A%22z2RU875ek8HpuymQHgLq3NsgvXb5jPM0%22%3B; PHPSESSID=bic38e35mqbbncc4d0h8p2r983'
    'PATH' => '/usr/local/sbin:/usr/local/bin:/usr/sbin:/usr/bin:/sbin:/bin'
    'SERVER_SIGNATURE' => '<address>Apache/2.4.7 (Ubuntu) Server at 192.168.1.13 Port 80</address>
'
    'SERVER_SOFTWARE' => 'Apache/2.4.7 (Ubuntu)'
    'SERVER_NAME' => '192.168.1.13'
    'SERVER_ADDR' => '192.168.1.13'
    'SERVER_PORT' => '80'
    'REMOTE_ADDR' => '192.168.1.11'
    'DOCUMENT_ROOT' => '/var/www'
    'REQUEST_SCHEME' => 'http'
    'CONTEXT_PREFIX' => ''
    'CONTEXT_DOCUMENT_ROOT' => '/var/www'
    'SERVER_ADMIN' => 'webmaster@localhost'
    'SCRIPT_FILENAME' => '/var/www/html/yii/web/index.php'
    'REMOTE_PORT' => '50230'
    'GATEWAY_INTERFACE' => 'CGI/1.1'
    'SERVER_PROTOCOL' => 'HTTP/1.1'
    'REQUEST_METHOD' => 'GET'
    'QUERY_STRING' => ''
    'REQUEST_URI' => '/html/yii/web/'
    'SCRIPT_NAME' => '/html/yii/web/index.php'
    'PHP_SELF' => '/html/yii/web/index.php'
    'REQUEST_TIME_FLOAT' => 1423599585.745
    'REQUEST_TIME' => 1423599585
]
